\BOOKMARK [1][-]{section*.2}{L'obbiettivo}{}% 1
\BOOKMARK [1][-]{section*.3}{Analisi delle App simili}{}% 2
\BOOKMARK [1][-]{section*.7}{Need Finding}{}% 3
\BOOKMARK [1][-]{section*.8}{Conseguenze Interviste}{}% 4
\BOOKMARK [1][-]{section*.9}{Questionari}{}% 5
\BOOKMARK [2][-]{section*.10}{Grafici significativi}{section*.9}% 6
\BOOKMARK [1][-]{section*.11}{Storyboard}{}% 7
\BOOKMARK [2][-]{section*.12}{Pubblicazione itinerario}{section*.11}% 8
\BOOKMARK [2][-]{section*.13}{Ricerca itinerario}{section*.11}% 9
\BOOKMARK [2][-]{section*.14}{Partecipazione/utilizzo itinerario}{section*.11}% 10
\BOOKMARK [2][-]{section*.15}{Recensione itinerario}{section*.11}% 11
\BOOKMARK [1][-]{section*.16}{Prototipi}{}% 12
\BOOKMARK [2][-]{section*.17}{Descrizione degli scenari}{section*.16}% 13
\BOOKMARK [2][-]{section*.18}{Approccio utilizzato}{section*.16}% 14
\BOOKMARK [2][-]{section*.19}{Iterazioni e modifiche apportate}{section*.16}% 15
\BOOKMARK [3][-]{section*.20}{Versione 1}{section*.19}% 16
\BOOKMARK [3][-]{section*.21}{Versione 2}{section*.19}% 17
\BOOKMARK [3][-]{section*.22}{Versione 3}{section*.19}% 18
\BOOKMARK [2][-]{section*.23}{Navigazione}{section*.16}% 19
\BOOKMARK [2][-]{section*.24}{Ricerca Filtrata}{section*.16}% 20
\BOOKMARK [2][-]{section*.25}{Dettaglio}{section*.16}% 21
\BOOKMARK [2][-]{section*.26}{Recensione}{section*.16}% 22
\BOOKMARK [2][-]{section*.27}{Inserisci Nuovo Itinerario}{section*.16}% 23
\BOOKMARK [1][-]{section.1}{Elenco Interviste}{}% 24
\BOOKMARK [1][-]{section*.28}{Revisioni}{}% 25
